demo/proguard/seeds.txt
group.pals.android.lib.ui.lockpattern.demo.MainActivity
group.pals.android.lib.ui.lockpattern.demo.MainActivity: MainActivity()
group.pals.android.lib.ui.lockpattern.demo.NumberPickerPreference
group.pals.android.lib.ui.lockpattern.demo.NumberPickerPreference: NumberPickerPreference(android.content.Context,android.util.AttributeSet)
group.pals.android.lib.ui.lockpattern.demo.NumberPickerPreference$SavedState
group.pals.android.lib.ui.lockpattern.demo.NumberPickerPreference$SavedState: android.os.Parcelable$Creator CREATOR
group.pals.android.lib.ui.lockpattern.demo.PrefsActivity
group.pals.android.lib.ui.lockpattern.demo.PrefsActivity: PrefsActivity()
group.pals.android.lib.ui.lockpattern.demo.PrefsActivity_v11
group.pals.android.lib.ui.lockpattern.demo.PrefsActivity_v11: PrefsActivity_v11()
group.pals.android.lib.ui.lockpattern.demo.PrefsActivity_v11$Fragment_Prefs_Commands
group.pals.android.lib.ui.lockpattern.demo.PrefsActivity_v11$Fragment_Prefs_Commands: PrefsActivity_v11$Fragment_Prefs_Commands()
group.pals.android.lib.ui.lockpattern.demo.PrefsActivity_v11$Fragment_Prefs_Commands: void onCreate(android.os.Bundle)
group.pals.android.lib.ui.lockpattern.demo.PrefsActivity_v11$Fragment_Prefs_Settings
group.pals.android.lib.ui.lockpattern.demo.PrefsActivity_v11$Fragment_Prefs_Settings: PrefsActivity_v11$Fragment_Prefs_Settings()
group.pals.android.lib.ui.lockpattern.demo.PrefsActivity_v11$Fragment_Prefs_Settings: void onCreate(android.os.Bundle)
group.pals.android.lib.ui.lockpattern.demo.R$attr: int alp_button_bar_button_style
group.pals.android.lib.ui.lockpattern.demo.R$attr: int alp_button_bar_style
group.pals.android.lib.ui.lockpattern.demo.R$attr: int alp_color_pattern_path
group.pals.android.lib.ui.lockpattern.demo.R$attr: int alp_drawable_btn_code_lock_default_holo
group.pals.android.lib.ui.lockpattern.demo.R$attr: int alp_drawable_btn_code_lock_touched_holo
group.pals.android.lib.ui.lockpattern.demo.R$attr: int alp_drawable_indicator_code_lock_point_area_default_holo
group.pals.android.lib.ui.lockpattern.demo.R$attr: int alp_theme_dialog
group.pals.android.lib.ui.lockpattern.demo.R$attr: int aosp_drawable_indicator_code_lock_point_area_normal
group.pals.android.lib.ui.lockpattern.demo.R$attr: int increment
group.pals.android.lib.ui.lockpattern.demo.R$attr: int max
group.pals.android.lib.ui.lockpattern.demo.R$attr: int min
group.pals.android.lib.ui.lockpattern.demo.R$attr: int selector_button_navi_left_foreground
group.pals.android.lib.ui.lockpattern.demo.R$attr: int selector_button_navi_right_foreground
group.pals.android.lib.ui.lockpattern.demo.R$attr: int selector_image_button
group.pals.android.lib.ui.lockpattern.demo.R$bool: int alp_is_large_screen
group.pals.android.lib.ui.lockpattern.demo.R$bool: int alp_pkey_display_stealth_mode_default
group.pals.android.lib.ui.lockpattern.demo.R$bool: int alp_pkey_sys_auto_save_pattern_default
group.pals.android.lib.ui.lockpattern.demo.R$bool: int pkey_lockpattern_activity_dialog_theme_default
group.pals.android.lib.ui.lockpattern.demo.R$bool: int pkey_lockpattern_activity_light_theme_default
group.pals.android.lib.ui.lockpattern.demo.R$color: int alp_pattern_path_dark
group.pals.android.lib.ui.lockpattern.demo.R$color: int alp_pattern_path_light
...
group.pals.android.lib.ui.lockpattern.LockPatternActivity
group.pals.android.lib.ui.lockpattern.LockPatternActivity: LockPatternActivity()
group.pals.android.lib.ui.lockpattern.LockPatternActivity$ButtonOkCommand: group.pals.android.lib.ui.lockpattern.LockPatternActivity$ButtonOkCommand[] values()
group.pals.android.lib.ui.lockpattern.LockPatternActivity$ButtonOkCommand: group.pals.android.lib.ui.lockpattern.LockPatternActivity$ButtonOkCommand valueOf(java.lang.String)
group.pals.android.lib.ui.lockpattern.R$attr: int alp_button_bar_button_style
group.pals.android.lib.ui.lockpattern.R$attr: int alp_button_bar_style
group.pals.android.lib.ui.lockpattern.R$attr: int alp_color_pattern_path
group.pals.android.lib.ui.lockpattern.R$attr: int alp_drawable_btn_code_lock_default_holo
group.pals.android.lib.ui.lockpattern.R$attr: int alp_drawable_btn_code_lock_touched_holo
group.pals.android.lib.ui.lockpattern.R$attr: int alp_drawable_indicator_code_lock_point_area_default_holo
group.pals.android.lib.ui.lockpattern.R$attr: int alp_theme_dialog
group.pals.android.lib.ui.lockpattern.R$attr: int aosp_drawable_indicator_code_lock_point_area_normal
group.pals.android.lib.ui.lockpattern.R$bool: int alp_is_large_screen
group.pals.android.lib.ui.lockpattern.R$bool: int alp_pkey_display_stealth_mode_default
group.pals.android.lib.ui.lockpattern.R$bool: int alp_pkey_sys_auto_save_pattern_default
group.pals.android.lib.ui.lockpattern.R$color: int alp_pattern_path_dark
group.pals.android.lib.ui.lockpattern.R$color: int alp_pattern_path_light
group.pals.android.lib.ui.lockpattern.R$dimen: int alp_dialog_height_large
group.pals.android.lib.ui.lockpattern.R$dimen: int alp_dialog_height_large_base
group.pals.android.lib.ui.lockpattern.R$dimen: int alp_dialog_height_large_land_base
group.pals.android.lib.ui.lockpattern.R$dimen: int alp_dialog_height_xlarge_land_base
group.pals.android.lib.ui.lockpattern.R$dimen: int alp_dialog_width_large
group.pals.android.lib.ui.lockpattern.R$dimen: int alp_dialog_width_large_base
group.pals.android.lib.ui.lockpattern.R$dimen: int alp_dialog_width_large_land_base
group.pals.android.lib.ui.lockpattern.R$dimen: int alp_dialog_width_xlarge_land_base
group.pals.android.lib.ui.lockpattern.R$dimen: int alp_lockpatternview_size
group.pals.android.lib.ui.lockpattern.R$dimen: int alp_separator_size
group.pals.android.lib.ui.lockpattern.R$drawable: int alp_btn_code_lock_default_holo_dark
group.pals.android.lib.ui.lockpattern.R$drawable: int alp_btn_code_lock_default_holo_light
group.pals.android.lib.ui.lockpattern.R$drawable: int alp_btn_code_lock_touched_holo_dark
group.pals.android.lib.ui.lockpattern.R$drawable: int alp_btn_code_lock_touched_holo_light
group.pals.android.lib.ui.lockpattern.R$drawable: int alp_indicator_code_lock_point_area_default_holo_dark
group.pals.android.lib.ui.lockpattern.R$drawable: int alp_indicator_code_lock_point_area_default_holo_light
group.pals.android.lib.ui.lockpattern.R$drawable: int aosp_background_holo_dark
group.pals.android.lib.ui.lockpattern.R$drawable: int aosp_background_holo_light
group.pals.android.lib.ui.lockpattern.R$drawable: int aosp_dialog_full_holo_dark
group.pals.android.lib.ui.lockpattern.R$drawable: int aosp_dialog_full_holo_light
group.pals.android.lib.ui.lockpattern.R$drawable: int aosp_indicator_code_lock_drag_direction_green_up
group.pals.android.lib.ui.lockpattern.R$drawable: int aosp_indicator_code_lock_drag_direction_red_up
group.pals.android.lib.ui.lockpattern.R$drawable: int aosp_indicator_code_lock_point_area_blue_holo
group.pals.android.lib.ui.lockpattern.R$drawable: int aosp_indicator_code_lock_point_area_green_holo
group.pals.android.lib.ui.lockpattern.R$drawable: int aosp_indicator_code_lock_point_area_red_holo