demo/proguard/mapping.txt
group.pals.android.lib.ui.lockpattern.demo.CommandsPrefsHelper -> group.pals.android.lib.ui.lockpattern.demo.a:
    void init(android.app.Activity,group.pals.android.lib.ui.lockpattern.demo.PreferenceHolder) -> a
    int getThemeForLockPatternActivity(android.content.Context) -> a
group.pals.android.lib.ui.lockpattern.demo.CommandsPrefsHelper$1 -> group.pals.android.lib.ui.lockpattern.demo.b:
    android.app.Activity val$activity -> a
    boolean onPreferenceClick(android.preference.Preference) -> onPreferenceClick
group.pals.android.lib.ui.lockpattern.demo.CommandsPrefsHelper$2 -> group.pals.android.lib.ui.lockpattern.demo.c:
    android.app.Activity val$activity -> a
    boolean onPreferenceClick(android.preference.Preference) -> onPreferenceClick
group.pals.android.lib.ui.lockpattern.demo.CommandsPrefsHelper$3 -> group.pals.android.lib.ui.lockpattern.demo.d:
    android.app.Activity val$activity -> a
    boolean onPreferenceClick(android.preference.Preference) -> onPreferenceClick
group.pals.android.lib.ui.lockpattern.demo.CommandsPrefsHelper$3$1 -> group.pals.android.lib.ui.lockpattern.demo.e:
    group.pals.android.lib.ui.lockpattern.demo.CommandsPrefsHelper$3 this$1 -> a
    android.app.Activity val$activity -> b
    void onClick(android.view.View) -> onClick
group.pals.android.lib.ui.lockpattern.demo.LPEncrypter -> group.pals.android.lib.ui.lockpattern.demo.f:
    char[] encrypt(android.content.Context,char[]) -> a
group.pals.android.lib.ui.lockpattern.demo.MainActivity -> group.pals.android.lib.ui.lockpattern.demo.MainActivity:
    void onCreate(android.os.Bundle) -> onCreate
group.pals.android.lib.ui.lockpattern.demo.NumberPickerPreference -> group.pals.android.lib.ui.lockpattern.demo.NumberPickerPreference:
    java.lang.String CLASSNAME -> a
    android.widget.TextView mTextNumber -> b
    android.view.View mBtnIncrease -> c
    android.view.View mBtnDecrease -> d
    int mMin -> e
    int mMax -> f
    int mIncrement -> g
    int mCurrentValue -> h
    int mDelta -> i
    android.view.View$OnClickListener mBtnChangeValueOnClickListener -> j
    void showDialog(android.os.Bundle) -> showDialog
    void onBindDialogView(android.view.View) -> onBindDialogView
    java.lang.Object onGetDefaultValue(android.content.res.TypedArray,int) -> onGetDefaultValue
    void onSetInitialValue(boolean,java.lang.Object) -> onSetInitialValue
    void onDialogClosed(boolean) -> onDialogClosed
    android.os.Parcelable onSaveInstanceState() -> onSaveInstanceState
    void onRestoreInstanceState(android.os.Parcelable) -> onRestoreInstanceState
    void updateUI() -> a
    int access$0(group.pals.android.lib.ui.lockpattern.demo.NumberPickerPreference) -> a
    int access$1(group.pals.android.lib.ui.lockpattern.demo.NumberPickerPreference) -> b
    void access$2(group.pals.android.lib.ui.lockpattern.demo.NumberPickerPreference,int) -> a
    void access$3(group.pals.android.lib.ui.lockpattern.demo.NumberPickerPreference) -> c
group.pals.android.lib.ui.lockpattern.demo.NumberPickerPreference$1 -> group.pals.android.lib.ui.lockpattern.demo.g:
    group.pals.android.lib.ui.lockpattern.demo.NumberPickerPreference this$0 -> a
    void onClick(android.view.View) -> onClick
group.pals.android.lib.ui.lockpattern.demo.NumberPickerPreference$SavedState -> group.pals.android.lib.ui.lockpattern.demo.NumberPickerPreference$SavedState:
    int mValue -> a
    android.os.Parcelable$Creator CREATOR -> CREATOR
    void writeToParcel(android.os.Parcel,int) -> writeToParcel
group.pals.android.lib.ui.lockpattern.demo.NumberPickerPreference$SavedState$1 -> group.pals.android.lib.ui.lockpattern.demo.h:
    group.pals.android.lib.ui.lockpattern.demo.NumberPickerPreference$SavedState createFromParcel(android.os.Parcel) -> a
    group.pals.android.lib.ui.lockpattern.demo.NumberPickerPreference$SavedState[] newArray(int) -> a
    java.lang.Object createFromParcel(android.os.Parcel) -> createFromParcel
    java.lang.Object[] newArray(int) -> newArray
...
group.pals.android.lib.ui.lockpattern.prefs.DisplayPrefs -> group.pals.android.lib.ui.lockpattern.b.a:
    boolean isStealthMode(android.content.Context) -> a
    int getMinWiredDots(android.content.Context) -> b
    int getMaxRetry(android.content.Context) -> c
group.pals.android.lib.ui.lockpattern.prefs.Prefs -> group.pals.android.lib.ui.lockpattern.b.b:
    java.lang.String genPreferenceFilename(android.content.Context) -> d
    android.content.SharedPreferences p(android.content.Context) -> e
    void setupPreferenceManager(android.content.Context,android.preference.PreferenceManager) -> a
group.pals.android.lib.ui.lockpattern.prefs.SecurityPrefs -> group.pals.android.lib.ui.lockpattern.b.c:
    boolean isAutoSavePattern(android.content.Context) -> a
    void setAutoSavePattern(android.content.Context,boolean) -> a
    char[] getPattern(android.content.Context) -> b
    void setPattern(android.content.Context,char[]) -> a
    char[] getEncrypterClass(android.content.Context) -> c
    void setEncrypterClass(android.content.Context,java.lang.Class) -> a
    void setEncrypterClass(android.content.Context,char[]) -> b
group.pals.android.lib.ui.lockpattern.util.IEncrypter -> group.pals.android.lib.ui.lockpattern.c.a:
    char[] encrypt(android.content.Context,char[]) -> a
group.pals.android.lib.ui.lockpattern.util.InvalidEncrypterException -> group.pals.android.lib.ui.lockpattern.c.b:
group.pals.android.lib.ui.lockpattern.util.UI -> group.pals.android.lib.ui.lockpattern.c.c:
    void adjustDialogSizeForLargeScreen(android.view.Window) -> a
    int resolveAttribute(android.content.Context,int) -> a
group.pals.android.lib.ui.lockpattern.widget.LockPatternUtils -> group.pals.android.lib.ui.lockpattern.widget.a:
    java.util.List stringToPattern(java.lang.String) -> a
    java.lang.String patternToString(java.util.List) -> a
    java.lang.String patternToSha1(java.util.List) -> b
group.pals.android.lib.ui.lockpattern.widget.LockPatternView -> group.pals.android.lib.ui.lockpattern.widget.LockPatternView:
    boolean mDrawingProfilingStarted -> a
    android.graphics.Paint mPaint -> b
    android.graphics.Paint mPathPaint -> c
    group.pals.android.lib.ui.lockpattern.widget.LockPatternView$OnPatternListener mOnPatternListener -> d
    java.util.ArrayList mPattern -> e
    boolean[][] mPatternDrawLookup -> f
    float mInProgressX -> g
    float mInProgressY -> h
    long mAnimatingPeriodStart -> i
    group.pals.android.lib.ui.lockpattern.widget.LockPatternView$DisplayMode mPatternDisplayMode -> j
    boolean mInputEnabled -> k
    boolean mInStealthMode -> l
    boolean mEnableHapticFeedback -> m
    boolean mPatternInProgress -> n
    float mDiameterFactor -> o
    int mStrokeAlpha -> p
    float mHitFactor -> q
    float mSquareWidth -> r
    float mSquareHeight -> s
    android.graphics.Bitmap mBitmapBtnDefault -> t
    android.graphics.Bitmap mBitmapBtnTouched -> u
    android.graphics.Bitmap mBitmapCircleDefault -> v
    android.graphics.Bitmap mBitmapCircleGreen -> w
    android.graphics.Bitmap mBitmapCircleRed -> x
    android.graphics.Bitmap mBitmapArrowGreenUp -> y
    android.graphics.Bitmap mBitmapArrowRedUp -> z
    android.graphics.Path mCurrentPath -> A
    android.graphics.Rect mInvalidate -> B
    int mBitmapWidth -> C
    int mBitmapHeight -> D
    int mAspect -> E
    android.graphics.Matrix mArrowMatrix -> F
group.pals.android.lib.ui.lockpattern.widget.LockPatternView$Cell -> group.pals.android.lib.ui.lockpattern.widget.b:
    int row -> a
    int column -> b
    group.pals.android.lib.ui.lockpattern.widget.LockPatternView$Cell[][] sCells -> c
    int getRow() -> a
    int getColumn() -> b
    group.pals.android.lib.ui.lockpattern.widget.LockPatternView$Cell of(int,int) -> a
    void checkRange(int,int) -> b
    java.lang.String toString() -> toString